# JRE version: Java(TM) SE Runtime Environment (8.0_71-b15) (build 1.8.0_71-b15)
# Java VM: Java HotSpot(TM) 64-Bit Server VM (25.71-b15 mixed mode windows-amd64 compressed oops)
Heap:
 PSYoungGen      total 245760K, used 32949K [0x00000000e0000000, 0x00000000f0d80000, 0x0000000100000000)
  eden space 223232K, 5% used [0x00000000e0000000,0x00000000e0bedf60,0x00000000eda00000)
  from space 22528K, 92% used [0x00000000ef300000,0x00000000f073f7b8,0x00000000f0900000)
  to   space 25600K, 0% used [0x00000000eda00000,0x00000000eda00000,0x00000000ef300000)
 ParOldGen       total 135680K, used 72990K [0x00000000a0000000, 0x00000000a8480000, 0x00000000e0000000)
  object space 135680K, 53% used [0x00000000a0000000,0x00000000a47479c0,0x00000000a8480000)
 Metaspace       used 81401K, capacity 84320K, committed 84500K, reserved 1122304K
  class space    used 10397K, capacity 10983K, committed 11068K, reserved 1048576K
GC Heap History (10 events):
Event: 667.096 GC heap before
{Heap before GC invocations=27 (full 3):
 PSYoungGen      total 132096K, used 116335K [0x00000000e0000000, 0x00000000eb500000, 0x0000000100000000)
  eden space 108032K, 99% used [0x00000000e0000000,0x00000000e6970808,0x00000000e6980000)
  from space 24064K, 34% used [0x00000000e6980000,0x00000000e71ab5c8,0x00000000e8100000)
  to   space 23040K, 0% used [0x00000000e9e80000,0x00000000e9e80000,0x00000000eb500000)
 ParOldGen       total 135680K, used 63568K [0x00000000a0000000, 0x00000000a8480000, 0x00000000e0000000)
  object space 135680K, 46% used [0x00000000a0000000,0x00000000a3e14170,0x00000000a8480000)
 Metaspace       used 70164K, capacity 72996K, committed 73108K, reserved 1112064K
  class space    used 9323K, capacity 9885K, committed 9916K, reserved 1048576K
Event: 667.104 GC heap after
Heap after GC invocations=27 (full 3):
 PSYoungGen      total 161792K, used 224K [0x00000000e0000000, 0x00000000ebf00000, 0x0000000100000000)
  eden space 138752K, 0% used [0x00000000e0000000,0x00000000e0000000,0x00000000e8780000)
  from space 23040K, 0% used [0x00000000e9e80000,0x00000000e9eb8000,0x00000000eb500000)
  to   space 23552K, 0% used [0x00000000e8780000,0x00000000e8780000,0x00000000e9e80000)
 ParOldGen       total 135680K, used 71255K [0x00000000a0000000, 0x00000000a8480000, 0x00000000e0000000)
  object space 135680K, 52% used [0x00000000a0000000,0x00000000a4595c78,0x00000000a8480000)
 Metaspace       used 70164K, capacity 72996K, committed 73108K, reserved 1112064K
  class space    used 9323K, capacity 9885K, committed 9916K, reserved 1048576K
}
Event: 667.123 GC heap before
{Heap before GC invocations=28 (full 3):
 PSYoungGen      total 161792K, used 138958K [0x00000000e0000000, 0x00000000ebf00000, 0x0000000100000000)
  eden space 138752K, 99% used [0x00000000e0000000,0x00000000e877ba98,0x00000000e8780000)
  from space 23040K, 0% used [0x00000000e9e80000,0x00000000e9eb8000,0x00000000eb500000)
  to   space 23552K, 0% used [0x00000000e8780000,0x00000000e8780000,0x00000000e9e80000)
 ParOldGen       total 135680K, used 71255K [0x00000000a0000000, 0x00000000a8480000, 0x00000000e0000000)
  object space 135680K, 52% used [0x00000000a0000000,0x00000000a4595c78,0x00000000a8480000)
 Metaspace       used 70166K, capacity 72996K, committed 73108K, reserved 1112064K
  class space    used 9323K, capacity 9885K, committed 9916K, reserved 1048576K
Event: 667.125 GC heap after
Heap after GC invocations=28 (full 3):
 PSYoungGen      total 162304K, used 128K [0x00000000e0000000, 0x00000000edc80000, 0x0000000100000000)
  eden space 138752K, 0% used [0x00000000e0000000,0x00000000e0000000,0x00000000e8780000)
  from space 23552K, 0% used [0x00000000e8780000,0x00000000e87a0000,0x00000000e9e80000)
  to   space 24064K, 0% used [0x00000000ec500000,0x00000000ec500000,0x00000000edc80000)
 ParOldGen       total 135680K, used 71471K [0x00000000a0000000, 0x00000000a8480000, 0x00000000e0000000)
  object space 135680K, 52% used [0x00000000a0000000,0x00000000a45cbc78,0x00000000a8480000)
 Metaspace       used 70166K, capacity 72996K, committed 73108K, reserved 1112064K
  class space    used 9323K, capacity 9885K, committed 9916K, reserved 1048576K
}
Event: 667.146 GC heap before
{Heap before GC invocations=29 (full 3):
 PSYoungGen      total 162304K, used 137993K [0x00000000e0000000, 0x00000000edc80000, 0x0000000100000000)
  eden space 138752K, 99% used [0x00000000e0000000,0x00000000e86a2798,0x00000000e8780000)
  from space 23552K, 0% used [0x00000000e8780000,0x00000000e87a0000,0x00000000e9e80000)
  to   space 24064K, 0% used [0x00000000ec500000,0x00000000ec500000,0x00000000edc80000)
 ParOldGen       total 135680K, used 71471K [0x00000000a0000000, 0x00000000a8480000, 0x00000000e0000000)
  object space 135680K, 52% used [0x00000000a0000000,0x00000000a45cbc78,0x00000000a8480000)
 Metaspace       used 70171K, capacity 72996K, committed 73108K, reserved 1112064K
  class space    used 9323K, capacity 9885K, committed 9916K, reserved 1048576K
Event: 667.148 GC heap after
Heap after GC invocations=29 (full 3):
 PSYoungGen      total 200704K, used 128K [0x00000000e0000000, 0x00000000edb80000, 0x0000000100000000)
  eden space 177664K, 0% used [0x00000000e0000000,0x00000000e0000000,0x00000000ead80000)
  from space 23040K, 0% used [0x00000000ec500000,0x00000000ec520000,0x00000000edb80000)
  to   space 23552K, 0% used [0x00000000ead80000,0x00000000ead80000,0x00000000ec480000)
 ParOldGen       total 135680K, used 71487K [0x00000000a0000000, 0x00000000a8480000, 0x00000000e0000000)
  object space 135680K, 52% used [0x00000000a0000000,0x00000000a45cfc78,0x00000000a8480000)
 Metaspace       used 70171K, capacity 72996K, committed 73108K, reserved 1112064K
  class space    used 9323K, capacity 9885K, committed 9916K, reserved 1048576K
}
Event: 684.450 GC heap before
{Heap before GC invocations=30 (full 3):
 PSYoungGen      total 200704K, used 177792K [0x00000000e0000000, 0x00000000edb80000, 0x0000000100000000)
  eden space 177664K, 100% used [0x00000000e0000000,0x00000000ead80000,0x00000000ead80000)
  from space 23040K, 0% used [0x00000000ec500000,0x00000000ec520000,0x00000000edb80000)
  to   space 23552K, 0% used [0x00000000ead80000,0x00000000ead80000,0x00000000ec480000)
 ParOldGen       total 135680K, used 71487K [0x00000000a0000000, 0x00000000a8480000, 0x00000000e0000000)
  object space 135680K, 52% used [0x00000000a0000000,0x00000000a45cfc78,0x00000000a8480000)
 Metaspace       used 70893K, capacity 73822K, committed 74004K, reserved 1114112K
  class space    used 9381K, capacity 9942K, committed 10044K, reserved 1048576K
Event: 684.469 GC heap after
Heap after GC invocations=30 (full 3):
 PSYoungGen      total 201216K, used 6367K [0x00000000e0000000, 0x00000000f0900000, 0x0000000100000000)
  eden space 177664K, 0% used [0x00000000e0000000,0x00000000e0000000,0x00000000ead80000)
  from space 23552K, 27% used [0x00000000ead80000,0x00000000eb3b7f88,0x00000000ec480000)
  to   space 22528K, 0% used [0x00000000ef300000,0x00000000ef300000,0x00000000f0900000)
 ParOldGen       total 135680K, used 71503K [0x00000000a0000000, 0x00000000a8480000, 0x00000000e0000000)
  object space 135680K, 52% used [0x00000000a0000000,0x00000000a45d3c78,0x00000000a8480000)
 Metaspace       used 70893K, capacity 73822K, committed 74004K, reserved 1114112K
  class space    used 9381K, capacity 9942K, committed 10044K, reserved 1048576K
}
Event: 689.433 GC heap before
{Heap before GC invocations=31 (full 3):
 PSYoungGen      total 201216K, used 184031K [0x00000000e0000000, 0x00000000f0900000, 0x0000000100000000)
  eden space 177664K, 100% used [0x00000000e0000000,0x00000000ead80000,0x00000000ead80000)
  from space 23552K, 27% used [0x00000000ead80000,0x00000000eb3b7f88,0x00000000ec480000)
  to   space 22528K, 0% used [0x00000000ef300000,0x00000000ef300000,0x00000000f0900000)
 ParOldGen       total 135680K, used 71503K [0x00000000a0000000, 0x00000000a8480000, 0x00000000e0000000)
  object space 135680K, 52% used [0x00000000a0000000,0x00000000a45d3c78,0x00000000a8480000)
 Metaspace       used 81276K, capacity 84188K, committed 84500K, reserved 1122304K
  class space    used 10389K, capacity 10983K, committed 11068K, reserved 1048576K
Event: 689.466 GC heap after
Heap after GC invocations=31 (full 3):
 PSYoungGen      total 245760K, used 20733K [0x00000000e0000000, 0x00000000f0d80000, 0x0000000100000000)
  eden space 223232K, 0% used [0x00000000e0000000,0x00000000e0000000,0x00000000eda00000)
  from space 22528K, 92% used [0x00000000ef300000,0x00000000f073f7b8,0x00000000f0900000)
  to   space 25600K, 0% used [0x00000000eda00000,0x00000000eda00000,0x00000000ef300000)
 ParOldGen       total 135680K, used 72990K [0x00000000a0000000, 0x00000000a8480000, 0x00000000e0000000)
  object space 135680K, 53% used [0x00000000a0000000,0x00000000a47479c0,0x00000000a8480000)
 Metaspace       used 81276K, capacity 84188K, committed 84500K, reserved 1122304K
  class space    used 10389K, capacity 10983K, committed 11068K, reserved 1048576K
}

